{"D:\\Geth\\secure-voting-system\\backend-polling-station\\src\\controllers\\blockchainCommunicationController.ts": {"path":"D:\\Geth\\secure-voting-system\\backend-polling-station\\src\\controllers\\blockchainCommunicationController.ts","statementMap":{"0":{"start":{"line":1,"column":0},"end":{"line":1,"column":24}},"1":{"start":{"line":2,"column":0},"end":{"line":2,"column":37}},"2":{"start":{"line":4,"column":0},"end":{"line":4,"column":46}},"3":{"start":{"line":5,"column":0},"end":{"line":5,"column":null}},"4":{"start":{"line":10,"column":28},"end":{"line":112,"column":2}},"5":{"start":{"line":10,"column":66},"end":{"line":112,"column":2}},"6":{"start":{"line":11,"column":2},"end":{"line":13,"column":5}},"7":{"start":{"line":14,"column":25},"end":{"line":14,"column":33}},"8":{"start":{"line":15,"column":2},"end":{"line":21,"column":3}},"9":{"start":{"line":16,"column":4},"end":{"line":18,"column":7}},"10":{"start":{"line":19,"column":4},"end":{"line":19,"column":59}},"11":{"start":{"line":20,"column":4},"end":{"line":20,"column":11}},"12":{"start":{"line":23,"column":19},"end":{"line":30,"column":null}},"13":{"start":{"line":33,"column":2},"end":{"line":39,"column":3}},"14":{"start":{"line":34,"column":4},"end":{"line":36,"column":7}},"15":{"start":{"line":37,"column":4},"end":{"line":37,"column":67}},"16":{"start":{"line":38,"column":4},"end":{"line":38,"column":11}},"17":{"start":{"line":41,"column":20},"end":{"line":41,"column":41}},"18":{"start":{"line":42,"column":2},"end":{"line":45,"column":5}},"19":{"start":{"line":46,"column":2},"end":{"line":46,"column":40}},"20":{"start":{"line":51,"column":2},"end":{"line":71,"column":3}},"21":{"start":{"line":52,"column":26},"end":{"line":52,"column":74}},"22":{"start":{"line":52,"column":57},"end":{"line":52,"column":73}},"23":{"start":{"line":53,"column":21},"end":{"line":53,"column":65}},"24":{"start":{"line":53,"column":52},"end":{"line":53,"column":64}},"25":{"start":{"line":55,"column":4},"end":{"line":59,"column":18}},"26":{"start":{"line":60,"column":4},"end":{"line":62,"column":19}},"27":{"start":{"line":64,"column":4},"end":{"line":64,"column":48}},"28":{"start":{"line":66,"column":4},"end":{"line":68,"column":7}},"29":{"start":{"line":69,"column":4},"end":{"line":69,"column":75}},"30":{"start":{"line":70,"column":4},"end":{"line":70,"column":11}},"31":{"start":{"line":73,"column":21},"end":{"line":75,"column":null}},"32":{"start":{"line":78,"column":18},"end":{"line":78,"column":69}},"33":{"start":{"line":80,"column":11},"end":{"line":85,"column":null}},"34":{"start":{"line":88,"column":2},"end":{"line":111,"column":4}},"35":{"start":{"line":92,"column":6},"end":{"line":101,"column":7}},"36":{"start":{"line":93,"column":8},"end":{"line":96,"column":11}},"37":{"start":{"line":97,"column":8},"end":{"line":97,"column":66}},"38":{"start":{"line":98,"column":8},"end":{"line":98,"column":43}},"39":{"start":{"line":99,"column":8},"end":{"line":99,"column":68}},"40":{"start":{"line":100,"column":8},"end":{"line":100,"column":15}},"41":{"start":{"line":103,"column":6},"end":{"line":106,"column":9}},"42":{"start":{"line":107,"column":6},"end":{"line":109,"column":76}},"43":{"start":{"line":10,"column":13},"end":{"line":10,"column":28}}},"fnMap":{"0":{"name":"(anonymous_8)","decl":{"start":{"line":10,"column":28},"end":{"line":10,"column":35}},"loc":{"start":{"line":10,"column":66},"end":{"line":112,"column":2}}},"1":{"name":"(anonymous_9)","decl":{"start":{"line":10,"column":66},"end":{"line":10,"column":null}},"loc":{"start":{"line":10,"column":66},"end":{"line":112,"column":1}}},"2":{"name":"(anonymous_10)","decl":{"start":{"line":52,"column":40},"end":{"line":52,"column":41}},"loc":{"start":{"line":52,"column":57},"end":{"line":52,"column":73}}},"3":{"name":"(anonymous_11)","decl":{"start":{"line":53,"column":35},"end":{"line":53,"column":36}},"loc":{"start":{"line":53,"column":52},"end":{"line":53,"column":64}}},"4":{"name":"(anonymous_12)","decl":{"start":{"line":91,"column":4},"end":{"line":91,"column":5}},"loc":{"start":{"line":91,"column":30},"end":{"line":110,"column":5}}}},"branchMap":{"0":{"loc":{"start":{"line":15,"column":2},"end":{"line":21,"column":3}},"type":"if","locations":[{"start":{"line":15,"column":2},"end":{"line":21,"column":3}}]},"1":{"loc":{"start":{"line":33,"column":2},"end":{"line":39,"column":3}},"type":"if","locations":[{"start":{"line":33,"column":2},"end":{"line":39,"column":3}}]},"2":{"loc":{"start":{"line":92,"column":6},"end":{"line":101,"column":7}},"type":"if","locations":[{"start":{"line":92,"column":6},"end":{"line":101,"column":7}}]}},"s":{"0":1,"1":1,"2":1,"3":1,"4":1,"5":5,"6":5,"7":5,"8":5,"9":1,"10":1,"11":1,"12":4,"13":4,"14":1,"15":1,"16":1,"17":3,"18":3,"19":3,"20":3,"21":3,"22":3,"23":3,"24":3,"25":3,"26":2,"27":2,"28":1,"29":1,"30":1,"31":2,"32":2,"33":2,"34":2,"35":2,"36":1,"37":1,"38":1,"39":1,"40":1,"41":1,"42":1,"43":1},"f":{"0":5,"1":5,"2":3,"3":3,"4":2},"b":{"0":[1],"1":[1],"2":[1]}}
,"D:\\Geth\\secure-voting-system\\backend-polling-station\\src\\controllers\\voteController.ts": {"path":"D:\\Geth\\secure-voting-system\\backend-polling-station\\src\\controllers\\voteController.ts","statementMap":{"0":{"start":{"line":1,"column":0},"end":{"line":1,"column":28}},"1":{"start":{"line":4,"column":0},"end":{"line":4,"column":46}},"2":{"start":{"line":8,"column":37},"end":{"line":45,"column":2}},"3":{"start":{"line":12,"column":4},"end":{"line":45,"column":2}},"4":{"start":{"line":13,"column":2},"end":{"line":13,"column":46}},"5":{"start":{"line":14,"column":2},"end":{"line":44,"column":3}},"6":{"start":{"line":15,"column":26},"end":{"line":21,"column":6}},"7":{"start":{"line":23,"column":4},"end":{"line":29,"column":5}},"8":{"start":{"line":24,"column":6},"end":{"line":26,"column":9}},"9":{"start":{"line":27,"column":6},"end":{"line":27,"column":63}},"10":{"start":{"line":28,"column":6},"end":{"line":28,"column":13}},"11":{"start":{"line":30,"column":4},"end":{"line":33,"column":7}},"12":{"start":{"line":34,"column":4},"end":{"line":34,"column":40}},"13":{"start":{"line":36,"column":4},"end":{"line":40,"column":7}},"14":{"start":{"line":41,"column":4},"end":{"line":41,"column":58}},"15":{"start":{"line":42,"column":4},"end":{"line":42,"column":61}},"16":{"start":{"line":43,"column":4},"end":{"line":43,"column":11}},"17":{"start":{"line":8,"column":13},"end":{"line":8,"column":37}},"18":{"start":{"line":48,"column":27},"end":{"line":105,"column":2}},"19":{"start":{"line":52,"column":4},"end":{"line":105,"column":2}},"20":{"start":{"line":53,"column":24},"end":{"line":53,"column":32}},"21":{"start":{"line":54,"column":2},"end":{"line":56,"column":5}},"22":{"start":{"line":58,"column":2},"end":{"line":64,"column":3}},"23":{"start":{"line":59,"column":4},"end":{"line":61,"column":7}},"24":{"start":{"line":62,"column":4},"end":{"line":62,"column":63}},"25":{"start":{"line":63,"column":4},"end":{"line":63,"column":11}},"26":{"start":{"line":66,"column":2},"end":{"line":104,"column":3}},"27":{"start":{"line":68,"column":20},"end":{"line":68,"column":39}},"28":{"start":{"line":69,"column":22},"end":{"line":72,"column":20}},"29":{"start":{"line":75,"column":17},"end":{"line":80,"column":6}},"30":{"start":{"line":82,"column":4},"end":{"line":88,"column":5}},"31":{"start":{"line":83,"column":6},"end":{"line":85,"column":9}},"32":{"start":{"line":86,"column":6},"end":{"line":86,"column":63}},"33":{"start":{"line":87,"column":6},"end":{"line":87,"column":13}},"34":{"start":{"line":89,"column":4},"end":{"line":93,"column":7}},"35":{"start":{"line":94,"column":4},"end":{"line":94,"column":31}},"36":{"start":{"line":96,"column":4},"end":{"line":100,"column":7}},"37":{"start":{"line":101,"column":4},"end":{"line":101,"column":49}},"38":{"start":{"line":102,"column":4},"end":{"line":102,"column":61}},"39":{"start":{"line":103,"column":4},"end":{"line":103,"column":11}},"40":{"start":{"line":48,"column":13},"end":{"line":48,"column":27}},"41":{"start":{"line":108,"column":29},"end":{"line":146,"column":2}},"42":{"start":{"line":112,"column":19},"end":{"line":146,"column":2}},"43":{"start":{"line":113,"column":2},"end":{"line":113,"column":38}},"44":{"start":{"line":114,"column":2},"end":{"line":145,"column":3}},"45":{"start":{"line":116,"column":18},"end":{"line":121,"column":6}},"46":{"start":{"line":123,"column":4},"end":{"line":129,"column":5}},"47":{"start":{"line":124,"column":6},"end":{"line":126,"column":9}},"48":{"start":{"line":127,"column":6},"end":{"line":127,"column":63}},"49":{"start":{"line":128,"column":6},"end":{"line":128,"column":13}},"50":{"start":{"line":131,"column":4},"end":{"line":134,"column":7}},"51":{"start":{"line":135,"column":4},"end":{"line":135,"column":32}},"52":{"start":{"line":137,"column":4},"end":{"line":141,"column":7}},"53":{"start":{"line":142,"column":4},"end":{"line":142,"column":50}},"54":{"start":{"line":143,"column":4},"end":{"line":143,"column":61}},"55":{"start":{"line":144,"column":4},"end":{"line":144,"column":11}},"56":{"start":{"line":108,"column":13},"end":{"line":108,"column":29}},"57":{"start":{"line":149,"column":25},"end":{"line":204,"column":2}},"58":{"start":{"line":153,"column":4},"end":{"line":204,"column":2}},"59":{"start":{"line":154,"column":24},"end":{"line":154,"column":32}},"60":{"start":{"line":155,"column":2},"end":{"line":157,"column":5}},"61":{"start":{"line":159,"column":2},"end":{"line":165,"column":3}},"62":{"start":{"line":160,"column":4},"end":{"line":162,"column":7}},"63":{"start":{"line":163,"column":4},"end":{"line":163,"column":63}},"64":{"start":{"line":164,"column":4},"end":{"line":164,"column":11}},"65":{"start":{"line":167,"column":2},"end":{"line":203,"column":3}},"66":{"start":{"line":169,"column":25},"end":{"line":178,"column":6}},"67":{"start":{"line":180,"column":4},"end":{"line":186,"column":5}},"68":{"start":{"line":181,"column":6},"end":{"line":183,"column":9}},"69":{"start":{"line":184,"column":6},"end":{"line":184,"column":61}},"70":{"start":{"line":185,"column":6},"end":{"line":185,"column":13}},"71":{"start":{"line":188,"column":4},"end":{"line":192,"column":7}},"72":{"start":{"line":193,"column":4},"end":{"line":193,"column":39}},"73":{"start":{"line":195,"column":4},"end":{"line":199,"column":7}},"74":{"start":{"line":200,"column":4},"end":{"line":200,"column":48}},"75":{"start":{"line":201,"column":4},"end":{"line":201,"column":61}},"76":{"start":{"line":202,"column":4},"end":{"line":202,"column":11}},"77":{"start":{"line":149,"column":13},"end":{"line":149,"column":25}},"78":{"start":{"line":207,"column":37},"end":{"line":255,"column":2}},"79":{"start":{"line":211,"column":4},"end":{"line":255,"column":2}},"80":{"start":{"line":212,"column":25},"end":{"line":212,"column":33}},"81":{"start":{"line":213,"column":2},"end":{"line":215,"column":5}},"82":{"start":{"line":217,"column":2},"end":{"line":223,"column":3}},"83":{"start":{"line":218,"column":4},"end":{"line":220,"column":7}},"84":{"start":{"line":221,"column":4},"end":{"line":221,"column":75}},"85":{"start":{"line":222,"column":4},"end":{"line":222,"column":11}},"86":{"start":{"line":225,"column":2},"end":{"line":254,"column":3}},"87":{"start":{"line":226,"column":27},"end":{"line":230,"column":6}},"88":{"start":{"line":227,"column":51},"end":{"line":229,"column":8}},"89":{"start":{"line":232,"column":4},"end":{"line":238,"column":5}},"90":{"start":{"line":233,"column":6},"end":{"line":235,"column":9}},"91":{"start":{"line":236,"column":6},"end":{"line":236,"column":73}},"92":{"start":{"line":237,"column":6},"end":{"line":237,"column":13}},"93":{"start":{"line":240,"column":4},"end":{"line":243,"column":7}},"94":{"start":{"line":244,"column":4},"end":{"line":244,"column":41}},"95":{"start":{"line":246,"column":4},"end":{"line":250,"column":7}},"96":{"start":{"line":251,"column":4},"end":{"line":251,"column":59}},"97":{"start":{"line":252,"column":4},"end":{"line":252,"column":61}},"98":{"start":{"line":253,"column":4},"end":{"line":253,"column":11}},"99":{"start":{"line":207,"column":13},"end":{"line":207,"column":37}},"100":{"start":{"line":258,"column":24},"end":{"line":283,"column":2}},"101":{"start":{"line":262,"column":4},"end":{"line":283,"column":2}},"102":{"start":{"line":263,"column":2},"end":{"line":263,"column":39}},"103":{"start":{"line":264,"column":2},"end":{"line":282,"column":3}},"104":{"start":{"line":266,"column":4},"end":{"line":266,"column":44}},"105":{"start":{"line":267,"column":4},"end":{"line":267,"column":50}},"106":{"start":{"line":269,"column":4},"end":{"line":271,"column":7}},"107":{"start":{"line":272,"column":4},"end":{"line":272,"column":69}},"108":{"start":{"line":274,"column":4},"end":{"line":278,"column":7}},"109":{"start":{"line":279,"column":4},"end":{"line":279,"column":54}},"110":{"start":{"line":280,"column":4},"end":{"line":280,"column":61}},"111":{"start":{"line":281,"column":4},"end":{"line":281,"column":11}},"112":{"start":{"line":258,"column":13},"end":{"line":258,"column":24}},"113":{"start":{"line":288,"column":40},"end":{"line":337,"column":2}},"114":{"start":{"line":292,"column":4},"end":{"line":337,"column":2}},"115":{"start":{"line":293,"column":29},"end":{"line":293,"column":64}},"116":{"start":{"line":294,"column":2},"end":{"line":296,"column":5}},"117":{"start":{"line":298,"column":2},"end":{"line":304,"column":3}},"118":{"start":{"line":299,"column":4},"end":{"line":301,"column":7}},"119":{"start":{"line":302,"column":4},"end":{"line":302,"column":63}},"120":{"start":{"line":303,"column":4},"end":{"line":303,"column":11}},"121":{"start":{"line":306,"column":2},"end":{"line":336,"column":3}},"122":{"start":{"line":308,"column":20},"end":{"line":312,"column":6}},"123":{"start":{"line":314,"column":4},"end":{"line":320,"column":5}},"124":{"start":{"line":315,"column":6},"end":{"line":317,"column":9}},"125":{"start":{"line":318,"column":6},"end":{"line":318,"column":54}},"126":{"start":{"line":319,"column":6},"end":{"line":319,"column":13}},"127":{"start":{"line":322,"column":4},"end":{"line":325,"column":7}},"128":{"start":{"line":326,"column":4},"end":{"line":326,"column":27}},"129":{"start":{"line":328,"column":4},"end":{"line":332,"column":7}},"130":{"start":{"line":333,"column":4},"end":{"line":333,"column":62}},"131":{"start":{"line":334,"column":4},"end":{"line":334,"column":61}},"132":{"start":{"line":335,"column":4},"end":{"line":335,"column":11}},"133":{"start":{"line":288,"column":13},"end":{"line":288,"column":40}}},"fnMap":{"0":{"name":"(anonymous_8)","decl":{"start":{"line":8,"column":37},"end":{"line":8,"column":null}},"loc":{"start":{"line":12,"column":4},"end":{"line":45,"column":2}}},"1":{"name":"(anonymous_9)","decl":{"start":{"line":12,"column":4},"end":{"line":12,"column":null}},"loc":{"start":{"line":12,"column":4},"end":{"line":45,"column":1}}},"2":{"name":"(anonymous_10)","decl":{"start":{"line":48,"column":27},"end":{"line":48,"column":null}},"loc":{"start":{"line":52,"column":4},"end":{"line":105,"column":2}}},"3":{"name":"(anonymous_11)","decl":{"start":{"line":52,"column":4},"end":{"line":52,"column":null}},"loc":{"start":{"line":52,"column":4},"end":{"line":105,"column":1}}},"4":{"name":"(anonymous_12)","decl":{"start":{"line":108,"column":29},"end":{"line":108,"column":null}},"loc":{"start":{"line":112,"column":19},"end":{"line":146,"column":2}}},"5":{"name":"(anonymous_13)","decl":{"start":{"line":112,"column":19},"end":{"line":112,"column":null}},"loc":{"start":{"line":112,"column":19},"end":{"line":146,"column":1}}},"6":{"name":"(anonymous_14)","decl":{"start":{"line":149,"column":25},"end":{"line":149,"column":null}},"loc":{"start":{"line":153,"column":4},"end":{"line":204,"column":2}}},"7":{"name":"(anonymous_15)","decl":{"start":{"line":153,"column":4},"end":{"line":153,"column":null}},"loc":{"start":{"line":153,"column":4},"end":{"line":204,"column":1}}},"8":{"name":"(anonymous_16)","decl":{"start":{"line":207,"column":37},"end":{"line":207,"column":null}},"loc":{"start":{"line":211,"column":4},"end":{"line":255,"column":2}}},"9":{"name":"(anonymous_17)","decl":{"start":{"line":211,"column":4},"end":{"line":211,"column":null}},"loc":{"start":{"line":211,"column":4},"end":{"line":255,"column":1}}},"10":{"name":"(anonymous_18)","decl":{"start":{"line":227,"column":27},"end":{"line":227,"column":28}},"loc":{"start":{"line":227,"column":51},"end":{"line":229,"column":8}}},"11":{"name":"(anonymous_19)","decl":{"start":{"line":258,"column":24},"end":{"line":258,"column":null}},"loc":{"start":{"line":262,"column":4},"end":{"line":283,"column":2}}},"12":{"name":"(anonymous_20)","decl":{"start":{"line":262,"column":4},"end":{"line":262,"column":null}},"loc":{"start":{"line":262,"column":4},"end":{"line":283,"column":1}}},"13":{"name":"(anonymous_21)","decl":{"start":{"line":288,"column":40},"end":{"line":288,"column":null}},"loc":{"start":{"line":292,"column":4},"end":{"line":337,"column":2}}},"14":{"name":"(anonymous_22)","decl":{"start":{"line":292,"column":4},"end":{"line":292,"column":null}},"loc":{"start":{"line":292,"column":4},"end":{"line":337,"column":1}}}},"branchMap":{"0":{"loc":{"start":{"line":23,"column":4},"end":{"line":29,"column":5}},"type":"if","locations":[{"start":{"line":23,"column":4},"end":{"line":29,"column":5}}]},"1":{"loc":{"start":{"line":38,"column":8},"end":{"line":38,"column":null}},"type":"cond-expr","locations":[{"start":{"line":38,"column":33},"end":{"line":38,"column":46}},{"start":{"line":38,"column":49},"end":{"line":38,"column":null}}]},"2":{"loc":{"start":{"line":58,"column":2},"end":{"line":64,"column":3}},"type":"if","locations":[{"start":{"line":58,"column":2},"end":{"line":64,"column":3}}]},"3":{"loc":{"start":{"line":82,"column":4},"end":{"line":88,"column":5}},"type":"if","locations":[{"start":{"line":82,"column":4},"end":{"line":88,"column":5}}]},"4":{"loc":{"start":{"line":98,"column":8},"end":{"line":98,"column":null}},"type":"cond-expr","locations":[{"start":{"line":98,"column":33},"end":{"line":98,"column":46}},{"start":{"line":98,"column":49},"end":{"line":98,"column":null}}]},"5":{"loc":{"start":{"line":123,"column":4},"end":{"line":129,"column":5}},"type":"if","locations":[{"start":{"line":123,"column":4},"end":{"line":129,"column":5}}]},"6":{"loc":{"start":{"line":139,"column":8},"end":{"line":139,"column":null}},"type":"cond-expr","locations":[{"start":{"line":139,"column":33},"end":{"line":139,"column":46}},{"start":{"line":139,"column":49},"end":{"line":139,"column":null}}]},"7":{"loc":{"start":{"line":159,"column":2},"end":{"line":165,"column":3}},"type":"if","locations":[{"start":{"line":159,"column":2},"end":{"line":165,"column":3}}]},"8":{"loc":{"start":{"line":180,"column":4},"end":{"line":186,"column":5}},"type":"if","locations":[{"start":{"line":180,"column":4},"end":{"line":186,"column":5}}]},"9":{"loc":{"start":{"line":197,"column":8},"end":{"line":197,"column":null}},"type":"cond-expr","locations":[{"start":{"line":197,"column":33},"end":{"line":197,"column":46}},{"start":{"line":197,"column":49},"end":{"line":197,"column":null}}]},"10":{"loc":{"start":{"line":217,"column":2},"end":{"line":223,"column":3}},"type":"if","locations":[{"start":{"line":217,"column":2},"end":{"line":223,"column":3}}]},"11":{"loc":{"start":{"line":217,"column":6},"end":{"line":217,"column":74}},"type":"binary-expr","locations":[{"start":{"line":217,"column":6},"end":{"line":217,"column":17}},{"start":{"line":217,"column":21},"end":{"line":217,"column":47}},{"start":{"line":217,"column":51},"end":{"line":217,"column":74}}]},"12":{"loc":{"start":{"line":232,"column":4},"end":{"line":238,"column":5}},"type":"if","locations":[{"start":{"line":232,"column":4},"end":{"line":238,"column":5}}]},"13":{"loc":{"start":{"line":248,"column":8},"end":{"line":248,"column":null}},"type":"cond-expr","locations":[{"start":{"line":248,"column":33},"end":{"line":248,"column":46}},{"start":{"line":248,"column":49},"end":{"line":248,"column":null}}]},"14":{"loc":{"start":{"line":276,"column":8},"end":{"line":276,"column":null}},"type":"cond-expr","locations":[{"start":{"line":276,"column":33},"end":{"line":276,"column":46}},{"start":{"line":276,"column":49},"end":{"line":276,"column":null}}]},"15":{"loc":{"start":{"line":298,"column":2},"end":{"line":304,"column":3}},"type":"if","locations":[{"start":{"line":298,"column":2},"end":{"line":304,"column":3}}]},"16":{"loc":{"start":{"line":314,"column":4},"end":{"line":320,"column":5}},"type":"if","locations":[{"start":{"line":314,"column":4},"end":{"line":320,"column":5}}]},"17":{"loc":{"start":{"line":330,"column":8},"end":{"line":330,"column":null}},"type":"cond-expr","locations":[{"start":{"line":330,"column":33},"end":{"line":330,"column":46}},{"start":{"line":330,"column":49},"end":{"line":330,"column":null}}]}},"s":{"0":1,"1":1,"2":1,"3":2,"4":2,"5":2,"6":2,"7":1,"8":0,"9":0,"10":0,"11":1,"12":1,"13":1,"14":1,"15":1,"16":1,"17":1,"18":1,"19":3,"20":3,"21":3,"22":3,"23":1,"24":1,"25":1,"26":2,"27":2,"28":2,"29":2,"30":1,"31":0,"32":0,"33":0,"34":1,"35":1,"36":1,"37":1,"38":1,"39":1,"40":1,"41":1,"42":2,"43":2,"44":2,"45":2,"46":1,"47":0,"48":0,"49":0,"50":1,"51":1,"52":1,"53":1,"54":1,"55":1,"56":1,"57":1,"58":3,"59":3,"60":3,"61":3,"62":1,"63":1,"64":1,"65":2,"66":2,"67":1,"68":0,"69":0,"70":0,"71":1,"72":1,"73":1,"74":1,"75":1,"76":1,"77":1,"78":1,"79":3,"80":3,"81":3,"82":3,"83":1,"84":1,"85":1,"86":2,"87":2,"88":4,"89":1,"90":0,"91":0,"92":0,"93":1,"94":1,"95":1,"96":1,"97":1,"98":1,"99":1,"100":1,"101":2,"102":2,"103":2,"104":2,"105":1,"106":1,"107":1,"108":1,"109":1,"110":1,"111":1,"112":1,"113":1,"114":4,"115":4,"116":4,"117":4,"118":1,"119":1,"120":1,"121":3,"122":3,"123":2,"124":1,"125":1,"126":1,"127":1,"128":1,"129":1,"130":1,"131":1,"132":1,"133":1},"f":{"0":2,"1":2,"2":3,"3":3,"4":2,"5":2,"6":3,"7":3,"8":3,"9":3,"10":4,"11":2,"12":2,"13":4,"14":4},"b":{"0":[0],"1":[1,0],"2":[1],"3":[0],"4":[1,0],"5":[0],"6":[1,0],"7":[1],"8":[0],"9":[1,0],"10":[1],"11":[3,2,2],"12":[0],"13":[1,0],"14":[1,0],"15":[1],"16":[1],"17":[1,0]}}
,"D:\\Geth\\secure-voting-system\\backend-polling-station\\src\\jobs\\jobScheduler.ts": {"path":"D:\\Geth\\secure-voting-system\\backend-polling-station\\src\\jobs\\jobScheduler.ts","statementMap":{"0":{"start":{"line":1,"column":0},"end":{"line":1,"column":29}},"1":{"start":{"line":2,"column":0},"end":{"line":2,"column":46}},"2":{"start":{"line":4,"column":42},"end":{"line":89,"column":1}},"3":{"start":{"line":5,"column":2},"end":{"line":88,"column":5}},"4":{"start":{"line":5,"column":41},"end":{"line":88,"column":4}},"5":{"start":{"line":6,"column":4},"end":{"line":8,"column":7}},"6":{"start":{"line":9,"column":4},"end":{"line":9,"column":79}},"7":{"start":{"line":12,"column":4},"end":{"line":38,"column":5}},"8":{"start":{"line":13,"column":23},"end":{"line":17,"column":null}},"9":{"start":{"line":19,"column":6},"end":{"line":24,"column":7}},"10":{"start":{"line":20,"column":8},"end":{"line":22,"column":11}},"11":{"start":{"line":23,"column":8},"end":{"line":23,"column":66}},"12":{"start":{"line":25,"column":19},"end":{"line":25,"column":40}},"13":{"start":{"line":26,"column":6},"end":{"line":29,"column":9}},"14":{"start":{"line":30,"column":6},"end":{"line":30,"column":43}},"15":{"start":{"line":32,"column":6},"end":{"line":36,"column":9}},"16":{"start":{"line":37,"column":6},"end":{"line":37,"column":56}},"17":{"start":{"line":42,"column":4},"end":{"line":87,"column":5}},"18":{"start":{"line":43,"column":23},"end":{"line":66,"column":null}},"19":{"start":{"line":68,"column":6},"end":{"line":73,"column":7}},"20":{"start":{"line":69,"column":8},"end":{"line":71,"column":11}},"21":{"start":{"line":72,"column":8},"end":{"line":72,"column":66}},"22":{"start":{"line":74,"column":19},"end":{"line":74,"column":40}},"23":{"start":{"line":75,"column":6},"end":{"line":78,"column":9}},"24":{"start":{"line":81,"column":6},"end":{"line":85,"column":9}},"25":{"start":{"line":86,"column":6},"end":{"line":86,"column":59}},"26":{"start":{"line":4,"column":13},"end":{"line":4,"column":42}},"27":{"start":{"line":91,"column":39},"end":{"line":136,"column":1}},"28":{"start":{"line":92,"column":21},"end":{"line":92,"column":31}},"29":{"start":{"line":95,"column":2},"end":{"line":135,"column":5}},"30":{"start":{"line":95,"column":42},"end":{"line":135,"column":4}},"31":{"start":{"line":96,"column":4},"end":{"line":98,"column":7}},"32":{"start":{"line":99,"column":4},"end":{"line":99,"column":72}},"33":{"start":{"line":102,"column":4},"end":{"line":134,"column":5}},"34":{"start":{"line":103,"column":23},"end":{"line":113,"column":null}},"35":{"start":{"line":115,"column":6},"end":{"line":120,"column":7}},"36":{"start":{"line":116,"column":8},"end":{"line":118,"column":11}},"37":{"start":{"line":119,"column":8},"end":{"line":119,"column":66}},"38":{"start":{"line":121,"column":19},"end":{"line":121,"column":40}},"39":{"start":{"line":122,"column":6},"end":{"line":125,"column":9}},"40":{"start":{"line":126,"column":6},"end":{"line":126,"column":55}},"41":{"start":{"line":128,"column":6},"end":{"line":132,"column":9}},"42":{"start":{"line":133,"column":6},"end":{"line":133,"column":67}},"43":{"start":{"line":91,"column":13},"end":{"line":91,"column":39}}},"fnMap":{"0":{"name":"(anonymous_8)","decl":{"start":{"line":4,"column":42},"end":{"line":4,"column":45}},"loc":{"start":{"line":4,"column":47},"end":{"line":89,"column":1}}},"1":{"name":"(anonymous_9)","decl":{"start":{"line":5,"column":30},"end":{"line":5,"column":39}},"loc":{"start":{"line":5,"column":41},"end":{"line":88,"column":4}}},"2":{"name":"(anonymous_10)","decl":{"start":{"line":5,"column":41},"end":{"line":5,"column":null}},"loc":{"start":{"line":5,"column":41},"end":{"line":88,"column":3}}},"3":{"name":"(anonymous_11)","decl":{"start":{"line":91,"column":39},"end":{"line":91,"column":42}},"loc":{"start":{"line":91,"column":44},"end":{"line":136,"column":1}}},"4":{"name":"(anonymous_12)","decl":{"start":{"line":95,"column":31},"end":{"line":95,"column":40}},"loc":{"start":{"line":95,"column":42},"end":{"line":135,"column":4}}},"5":{"name":"(anonymous_13)","decl":{"start":{"line":95,"column":42},"end":{"line":95,"column":null}},"loc":{"start":{"line":95,"column":42},"end":{"line":135,"column":3}}}},"branchMap":{"0":{"loc":{"start":{"line":19,"column":6},"end":{"line":24,"column":7}},"type":"if","locations":[{"start":{"line":19,"column":6},"end":{"line":24,"column":7}}]},"1":{"loc":{"start":{"line":34,"column":10},"end":{"line":34,"column":null}},"type":"cond-expr","locations":[{"start":{"line":34,"column":35},"end":{"line":34,"column":48}},{"start":{"line":34,"column":51},"end":{"line":34,"column":null}}]},"2":{"loc":{"start":{"line":68,"column":6},"end":{"line":73,"column":7}},"type":"if","locations":[{"start":{"line":68,"column":6},"end":{"line":73,"column":7}}]},"3":{"loc":{"start":{"line":83,"column":10},"end":{"line":83,"column":null}},"type":"cond-expr","locations":[{"start":{"line":83,"column":35},"end":{"line":83,"column":48}},{"start":{"line":83,"column":51},"end":{"line":83,"column":null}}]},"4":{"loc":{"start":{"line":115,"column":6},"end":{"line":120,"column":7}},"type":"if","locations":[{"start":{"line":115,"column":6},"end":{"line":120,"column":7}}]},"5":{"loc":{"start":{"line":130,"column":10},"end":{"line":130,"column":null}},"type":"cond-expr","locations":[{"start":{"line":130,"column":35},"end":{"line":130,"column":48}},{"start":{"line":130,"column":51},"end":{"line":130,"column":null}}]}},"s":{"0":1,"1":1,"2":1,"3":2,"4":2,"5":2,"6":2,"7":2,"8":2,"9":2,"10":1,"11":1,"12":1,"13":1,"14":1,"15":1,"16":1,"17":2,"18":2,"19":1,"20":0,"21":0,"22":1,"23":1,"24":0,"25":0,"26":1,"27":1,"28":2,"29":2,"30":2,"31":2,"32":2,"33":2,"34":2,"35":2,"36":1,"37":1,"38":1,"39":1,"40":1,"41":1,"42":1,"43":1},"f":{"0":2,"1":2,"2":2,"3":2,"4":2,"5":2},"b":{"0":[1],"1":[1,0],"2":[0],"3":[0,0],"4":[1],"5":[1,0]}}
,"D:\\Geth\\secure-voting-system\\backend-polling-station\\src\\routes\\voteRoutes.ts": {"path":"D:\\Geth\\secure-voting-system\\backend-polling-station\\src\\routes\\voteRoutes.ts","statementMap":{"0":{"start":{"line":1,"column":0},"end":{"line":1,"column":33}},"1":{"start":{"line":2,"column":0},"end":{"line":2,"column":null}},"2":{"start":{"line":25,"column":0},"end":{"line":43,"column":2}},"3":{"start":{"line":26,"column":17},"end":{"line":26,"column":25}},"4":{"start":{"line":28,"column":2},"end":{"line":28,"column":76}},"5":{"start":{"line":28,"column":43},"end":{"line":28,"column":74}},"6":{"start":{"line":29,"column":2},"end":{"line":29,"column":74}},"7":{"start":{"line":29,"column":45},"end":{"line":29,"column":72}},"8":{"start":{"line":30,"column":2},"end":{"line":32,"column":4}},"9":{"start":{"line":31,"column":4},"end":{"line":31,"column":43}},"10":{"start":{"line":33,"column":2},"end":{"line":33,"column":74}},"11":{"start":{"line":33,"column":43},"end":{"line":33,"column":72}},"12":{"start":{"line":34,"column":2},"end":{"line":36,"column":4}},"13":{"start":{"line":35,"column":4},"end":{"line":35,"column":43}},"14":{"start":{"line":37,"column":2},"end":{"line":37,"column":70}},"15":{"start":{"line":37,"column":42},"end":{"line":37,"column":68}},"16":{"start":{"line":38,"column":2},"end":{"line":40,"column":4}},"17":{"start":{"line":39,"column":4},"end":{"line":39,"column":46}},"18":{"start":{"line":42,"column":2},"end":{"line":42,"column":16}}},"fnMap":{"0":{"name":"(anonymous_0)","decl":{"start":{"line":25,"column":15},"end":{"line":25,"column":16}},"loc":{"start":{"line":25,"column":46},"end":{"line":43,"column":1}}},"1":{"name":"(anonymous_1)","decl":{"start":{"line":28,"column":29},"end":{"line":28,"column":30}},"loc":{"start":{"line":28,"column":43},"end":{"line":28,"column":74}}},"2":{"name":"(anonymous_2)","decl":{"start":{"line":29,"column":31},"end":{"line":29,"column":32}},"loc":{"start":{"line":29,"column":45},"end":{"line":29,"column":72}}},"3":{"name":"(anonymous_3)","decl":{"start":{"line":30,"column":28},"end":{"line":30,"column":29}},"loc":{"start":{"line":31,"column":4},"end":{"line":31,"column":43}}},"4":{"name":"(anonymous_4)","decl":{"start":{"line":33,"column":29},"end":{"line":33,"column":30}},"loc":{"start":{"line":33,"column":43},"end":{"line":33,"column":72}}},"5":{"name":"(anonymous_5)","decl":{"start":{"line":34,"column":39},"end":{"line":34,"column":40}},"loc":{"start":{"line":35,"column":4},"end":{"line":35,"column":43}}},"6":{"name":"(anonymous_6)","decl":{"start":{"line":37,"column":28},"end":{"line":37,"column":29}},"loc":{"start":{"line":37,"column":42},"end":{"line":37,"column":68}}},"7":{"name":"(anonymous_7)","decl":{"start":{"line":38,"column":40},"end":{"line":38,"column":41}},"loc":{"start":{"line":39,"column":4},"end":{"line":39,"column":46}}}},"branchMap":{},"s":{"0":1,"1":1,"2":1,"3":19,"4":19,"5":2,"6":19,"7":3,"8":19,"9":2,"10":19,"11":3,"12":19,"13":3,"14":19,"15":2,"16":19,"17":4,"18":19},"f":{"0":19,"1":2,"2":3,"3":2,"4":3,"5":3,"6":2,"7":4},"b":{}}
}
