{"D:\\Geth\\secure-voting-system\\backend-polling-station\\src\\app.ts": {"path":"D:\\Geth\\secure-voting-system\\backend-polling-station\\src\\app.ts","statementMap":{"0":{"start":{"line":1,"column":0},"end":{"line":1,"column":24}},"1":{"start":{"line":2,"column":0},"end":{"line":2,"column":30}},"2":{"start":{"line":3,"column":0},"end":{"line":3,"column":46}},"3":{"start":{"line":4,"column":0},"end":{"line":4,"column":45}},"4":{"start":{"line":5,"column":0},"end":{"line":5,"column":57}},"5":{"start":{"line":6,"column":0},"end":{"line":6,"column":null}},"6":{"start":{"line":11,"column":12},"end":{"line":11,"column":21}},"7":{"start":{"line":29,"column":17},"end":{"line":29,"column":20}},"8":{"start":{"line":12,"column":0},"end":{"line":12,"column":16}},"9":{"start":{"line":13,"column":15},"end":{"line":13,"column":33}},"10":{"start":{"line":29,"column":9},"end":{"line":29,"column":15}},"11":{"start":{"line":15,"column":0},"end":{"line":15,"column":24}},"12":{"start":{"line":16,"column":0},"end":{"line":16,"column":39}},"13":{"start":{"line":17,"column":0},"end":{"line":17,"column":41}},"14":{"start":{"line":19,"column":0},"end":{"line":22,"column":1}},"15":{"start":{"line":20,"column":2},"end":{"line":20,"column":31}},"16":{"start":{"line":21,"column":2},"end":{"line":21,"column":28}},"17":{"start":{"line":24,"column":13},"end":{"line":24,"column":37}},"18":{"start":{"line":25,"column":0},"end":{"line":27,"column":3}},"19":{"start":{"line":26,"column":2},"end":{"line":26,"column":51}}},"fnMap":{"0":{"name":"(anonymous_1)","decl":{"start":{"line":25,"column":17},"end":{"line":25,"column":20}},"loc":{"start":{"line":25,"column":22},"end":{"line":27,"column":1}}}},"branchMap":{"0":{"loc":{"start":{"line":19,"column":0},"end":{"line":22,"column":1}},"type":"if","locations":[{"start":{"line":19,"column":0},"end":{"line":22,"column":1}}]},"1":{"loc":{"start":{"line":24,"column":13},"end":{"line":24,"column":37}},"type":"binary-expr","locations":[{"start":{"line":24,"column":13},"end":{"line":24,"column":29}},{"start":{"line":24,"column":33},"end":{"line":24,"column":37}}]}},"s":{"0":1,"1":1,"2":1,"3":1,"4":1,"5":1,"6":1,"7":1,"8":1,"9":1,"10":1,"11":1,"12":1,"13":1,"14":1,"15":0,"16":0,"17":1,"18":1,"19":1},"f":{"0":1},"b":{"0":[0],"1":[1,0]}}
,"D:\\Geth\\secure-voting-system\\backend-polling-station\\src\\controllers\\blockchainCommunicationController.ts": {"path":"D:\\Geth\\secure-voting-system\\backend-polling-station\\src\\controllers\\blockchainCommunicationController.ts","statementMap":{"0":{"start":{"line":1,"column":0},"end":{"line":1,"column":24}},"1":{"start":{"line":2,"column":0},"end":{"line":2,"column":37}},"2":{"start":{"line":4,"column":0},"end":{"line":4,"column":46}},"3":{"start":{"line":5,"column":0},"end":{"line":5,"column":null}},"4":{"start":{"line":10,"column":28},"end":{"line":112,"column":2}},"5":{"start":{"line":10,"column":66},"end":{"line":112,"column":2}},"6":{"start":{"line":11,"column":2},"end":{"line":13,"column":5}},"7":{"start":{"line":14,"column":25},"end":{"line":14,"column":33}},"8":{"start":{"line":15,"column":2},"end":{"line":21,"column":3}},"9":{"start":{"line":16,"column":4},"end":{"line":18,"column":7}},"10":{"start":{"line":19,"column":4},"end":{"line":19,"column":59}},"11":{"start":{"line":20,"column":4},"end":{"line":20,"column":11}},"12":{"start":{"line":23,"column":19},"end":{"line":30,"column":null}},"13":{"start":{"line":33,"column":2},"end":{"line":39,"column":3}},"14":{"start":{"line":34,"column":4},"end":{"line":36,"column":7}},"15":{"start":{"line":37,"column":4},"end":{"line":37,"column":67}},"16":{"start":{"line":38,"column":4},"end":{"line":38,"column":11}},"17":{"start":{"line":41,"column":20},"end":{"line":41,"column":41}},"18":{"start":{"line":42,"column":2},"end":{"line":45,"column":5}},"19":{"start":{"line":46,"column":2},"end":{"line":46,"column":40}},"20":{"start":{"line":51,"column":2},"end":{"line":71,"column":3}},"21":{"start":{"line":52,"column":26},"end":{"line":52,"column":74}},"22":{"start":{"line":52,"column":57},"end":{"line":52,"column":73}},"23":{"start":{"line":53,"column":21},"end":{"line":53,"column":65}},"24":{"start":{"line":53,"column":52},"end":{"line":53,"column":64}},"25":{"start":{"line":55,"column":4},"end":{"line":59,"column":18}},"26":{"start":{"line":60,"column":4},"end":{"line":62,"column":19}},"27":{"start":{"line":64,"column":4},"end":{"line":64,"column":48}},"28":{"start":{"line":66,"column":4},"end":{"line":68,"column":7}},"29":{"start":{"line":69,"column":4},"end":{"line":69,"column":75}},"30":{"start":{"line":70,"column":4},"end":{"line":70,"column":11}},"31":{"start":{"line":73,"column":21},"end":{"line":75,"column":null}},"32":{"start":{"line":78,"column":18},"end":{"line":78,"column":69}},"33":{"start":{"line":80,"column":11},"end":{"line":85,"column":null}},"34":{"start":{"line":88,"column":2},"end":{"line":111,"column":4}},"35":{"start":{"line":92,"column":6},"end":{"line":101,"column":7}},"36":{"start":{"line":93,"column":8},"end":{"line":96,"column":11}},"37":{"start":{"line":97,"column":8},"end":{"line":97,"column":66}},"38":{"start":{"line":98,"column":8},"end":{"line":98,"column":43}},"39":{"start":{"line":99,"column":8},"end":{"line":99,"column":68}},"40":{"start":{"line":100,"column":8},"end":{"line":100,"column":15}},"41":{"start":{"line":103,"column":6},"end":{"line":106,"column":9}},"42":{"start":{"line":107,"column":6},"end":{"line":109,"column":76}},"43":{"start":{"line":10,"column":13},"end":{"line":10,"column":28}}},"fnMap":{"0":{"name":"(anonymous_8)","decl":{"start":{"line":10,"column":28},"end":{"line":10,"column":35}},"loc":{"start":{"line":10,"column":66},"end":{"line":112,"column":2}}},"1":{"name":"(anonymous_9)","decl":{"start":{"line":10,"column":66},"end":{"line":10,"column":null}},"loc":{"start":{"line":10,"column":66},"end":{"line":112,"column":1}}},"2":{"name":"(anonymous_10)","decl":{"start":{"line":52,"column":40},"end":{"line":52,"column":41}},"loc":{"start":{"line":52,"column":57},"end":{"line":52,"column":73}}},"3":{"name":"(anonymous_11)","decl":{"start":{"line":53,"column":35},"end":{"line":53,"column":36}},"loc":{"start":{"line":53,"column":52},"end":{"line":53,"column":64}}},"4":{"name":"(anonymous_12)","decl":{"start":{"line":91,"column":4},"end":{"line":91,"column":5}},"loc":{"start":{"line":91,"column":30},"end":{"line":110,"column":5}}}},"branchMap":{"0":{"loc":{"start":{"line":15,"column":2},"end":{"line":21,"column":3}},"type":"if","locations":[{"start":{"line":15,"column":2},"end":{"line":21,"column":3}}]},"1":{"loc":{"start":{"line":33,"column":2},"end":{"line":39,"column":3}},"type":"if","locations":[{"start":{"line":33,"column":2},"end":{"line":39,"column":3}}]},"2":{"loc":{"start":{"line":92,"column":6},"end":{"line":101,"column":7}},"type":"if","locations":[{"start":{"line":92,"column":6},"end":{"line":101,"column":7}}]}},"s":{"0":2,"1":2,"2":2,"3":2,"4":2,"5":5,"6":5,"7":5,"8":5,"9":1,"10":1,"11":1,"12":4,"13":4,"14":1,"15":1,"16":1,"17":3,"18":3,"19":3,"20":3,"21":3,"22":3,"23":3,"24":3,"25":3,"26":2,"27":2,"28":1,"29":1,"30":1,"31":2,"32":2,"33":2,"34":2,"35":2,"36":1,"37":1,"38":1,"39":1,"40":1,"41":1,"42":1,"43":2},"f":{"0":5,"1":5,"2":3,"3":3,"4":2},"b":{"0":[1],"1":[1],"2":[1]}}
,"D:\\Geth\\secure-voting-system\\backend-polling-station\\src\\controllers\\voteController.ts": {"path":"D:\\Geth\\secure-voting-system\\backend-polling-station\\src\\controllers\\voteController.ts","statementMap":{"0":{"start":{"line":1,"column":0},"end":{"line":1,"column":28}},"1":{"start":{"line":2,"column":0},"end":{"line":2,"column":32}},"2":{"start":{"line":4,"column":0},"end":{"line":4,"column":46}},"3":{"start":{"line":7,"column":37},"end":{"line":40,"column":2}},"4":{"start":{"line":7,"column":75},"end":{"line":40,"column":2}},"5":{"start":{"line":8,"column":2},"end":{"line":8,"column":46}},"6":{"start":{"line":9,"column":2},"end":{"line":39,"column":3}},"7":{"start":{"line":10,"column":26},"end":{"line":16,"column":6}},"8":{"start":{"line":18,"column":4},"end":{"line":24,"column":5}},"9":{"start":{"line":19,"column":6},"end":{"line":21,"column":9}},"10":{"start":{"line":22,"column":6},"end":{"line":22,"column":63}},"11":{"start":{"line":23,"column":6},"end":{"line":23,"column":13}},"12":{"start":{"line":25,"column":4},"end":{"line":28,"column":7}},"13":{"start":{"line":29,"column":4},"end":{"line":29,"column":40}},"14":{"start":{"line":31,"column":4},"end":{"line":35,"column":7}},"15":{"start":{"line":36,"column":4},"end":{"line":36,"column":58}},"16":{"start":{"line":37,"column":4},"end":{"line":37,"column":61}},"17":{"start":{"line":38,"column":4},"end":{"line":38,"column":11}},"18":{"start":{"line":7,"column":13},"end":{"line":7,"column":37}},"19":{"start":{"line":43,"column":27},"end":{"line":96,"column":2}},"20":{"start":{"line":43,"column":65},"end":{"line":96,"column":2}},"21":{"start":{"line":44,"column":24},"end":{"line":44,"column":32}},"22":{"start":{"line":45,"column":2},"end":{"line":47,"column":5}},"23":{"start":{"line":49,"column":2},"end":{"line":55,"column":3}},"24":{"start":{"line":50,"column":4},"end":{"line":52,"column":7}},"25":{"start":{"line":53,"column":4},"end":{"line":53,"column":63}},"26":{"start":{"line":54,"column":4},"end":{"line":54,"column":11}},"27":{"start":{"line":57,"column":2},"end":{"line":95,"column":3}},"28":{"start":{"line":59,"column":20},"end":{"line":59,"column":39}},"29":{"start":{"line":60,"column":22},"end":{"line":63,"column":20}},"30":{"start":{"line":66,"column":17},"end":{"line":71,"column":6}},"31":{"start":{"line":73,"column":4},"end":{"line":79,"column":5}},"32":{"start":{"line":74,"column":6},"end":{"line":76,"column":9}},"33":{"start":{"line":77,"column":6},"end":{"line":77,"column":63}},"34":{"start":{"line":78,"column":6},"end":{"line":78,"column":13}},"35":{"start":{"line":80,"column":4},"end":{"line":84,"column":7}},"36":{"start":{"line":85,"column":4},"end":{"line":85,"column":31}},"37":{"start":{"line":87,"column":4},"end":{"line":91,"column":7}},"38":{"start":{"line":92,"column":4},"end":{"line":92,"column":49}},"39":{"start":{"line":93,"column":4},"end":{"line":93,"column":61}},"40":{"start":{"line":94,"column":4},"end":{"line":94,"column":11}},"41":{"start":{"line":43,"column":13},"end":{"line":43,"column":27}},"42":{"start":{"line":99,"column":29},"end":{"line":136,"column":2}},"43":{"start":{"line":102,"column":19},"end":{"line":136,"column":2}},"44":{"start":{"line":103,"column":2},"end":{"line":103,"column":38}},"45":{"start":{"line":104,"column":2},"end":{"line":135,"column":3}},"46":{"start":{"line":106,"column":18},"end":{"line":111,"column":6}},"47":{"start":{"line":113,"column":4},"end":{"line":119,"column":5}},"48":{"start":{"line":114,"column":6},"end":{"line":116,"column":9}},"49":{"start":{"line":117,"column":6},"end":{"line":117,"column":63}},"50":{"start":{"line":118,"column":6},"end":{"line":118,"column":13}},"51":{"start":{"line":121,"column":4},"end":{"line":124,"column":7}},"52":{"start":{"line":125,"column":4},"end":{"line":125,"column":32}},"53":{"start":{"line":127,"column":4},"end":{"line":131,"column":7}},"54":{"start":{"line":132,"column":4},"end":{"line":132,"column":50}},"55":{"start":{"line":133,"column":4},"end":{"line":133,"column":61}},"56":{"start":{"line":134,"column":4},"end":{"line":134,"column":11}},"57":{"start":{"line":99,"column":13},"end":{"line":99,"column":29}},"58":{"start":{"line":139,"column":25},"end":{"line":190,"column":2}},"59":{"start":{"line":139,"column":63},"end":{"line":190,"column":2}},"60":{"start":{"line":140,"column":24},"end":{"line":140,"column":32}},"61":{"start":{"line":141,"column":2},"end":{"line":143,"column":5}},"62":{"start":{"line":145,"column":2},"end":{"line":151,"column":3}},"63":{"start":{"line":146,"column":4},"end":{"line":148,"column":7}},"64":{"start":{"line":149,"column":4},"end":{"line":149,"column":63}},"65":{"start":{"line":150,"column":4},"end":{"line":150,"column":11}},"66":{"start":{"line":153,"column":2},"end":{"line":189,"column":3}},"67":{"start":{"line":155,"column":25},"end":{"line":164,"column":6}},"68":{"start":{"line":166,"column":4},"end":{"line":172,"column":5}},"69":{"start":{"line":167,"column":6},"end":{"line":169,"column":9}},"70":{"start":{"line":170,"column":6},"end":{"line":170,"column":61}},"71":{"start":{"line":171,"column":6},"end":{"line":171,"column":13}},"72":{"start":{"line":174,"column":4},"end":{"line":178,"column":7}},"73":{"start":{"line":179,"column":4},"end":{"line":179,"column":39}},"74":{"start":{"line":181,"column":4},"end":{"line":185,"column":7}},"75":{"start":{"line":186,"column":4},"end":{"line":186,"column":48}},"76":{"start":{"line":187,"column":4},"end":{"line":187,"column":61}},"77":{"start":{"line":188,"column":4},"end":{"line":188,"column":11}},"78":{"start":{"line":139,"column":13},"end":{"line":139,"column":25}},"79":{"start":{"line":193,"column":37},"end":{"line":237,"column":2}},"80":{"start":{"line":193,"column":75},"end":{"line":237,"column":2}},"81":{"start":{"line":194,"column":25},"end":{"line":194,"column":33}},"82":{"start":{"line":195,"column":2},"end":{"line":197,"column":5}},"83":{"start":{"line":199,"column":2},"end":{"line":205,"column":3}},"84":{"start":{"line":200,"column":4},"end":{"line":202,"column":7}},"85":{"start":{"line":203,"column":4},"end":{"line":203,"column":75}},"86":{"start":{"line":204,"column":4},"end":{"line":204,"column":11}},"87":{"start":{"line":207,"column":2},"end":{"line":236,"column":3}},"88":{"start":{"line":208,"column":27},"end":{"line":212,"column":6}},"89":{"start":{"line":209,"column":51},"end":{"line":211,"column":8}},"90":{"start":{"line":214,"column":4},"end":{"line":220,"column":5}},"91":{"start":{"line":215,"column":6},"end":{"line":217,"column":9}},"92":{"start":{"line":218,"column":6},"end":{"line":218,"column":73}},"93":{"start":{"line":219,"column":6},"end":{"line":219,"column":13}},"94":{"start":{"line":222,"column":4},"end":{"line":225,"column":7}},"95":{"start":{"line":226,"column":4},"end":{"line":226,"column":41}},"96":{"start":{"line":228,"column":4},"end":{"line":232,"column":7}},"97":{"start":{"line":233,"column":4},"end":{"line":233,"column":59}},"98":{"start":{"line":234,"column":4},"end":{"line":234,"column":61}},"99":{"start":{"line":235,"column":4},"end":{"line":235,"column":11}},"100":{"start":{"line":193,"column":13},"end":{"line":193,"column":37}},"101":{"start":{"line":240,"column":24},"end":{"line":261,"column":2}},"102":{"start":{"line":240,"column":62},"end":{"line":261,"column":2}},"103":{"start":{"line":241,"column":2},"end":{"line":241,"column":39}},"104":{"start":{"line":242,"column":2},"end":{"line":260,"column":3}},"105":{"start":{"line":244,"column":4},"end":{"line":244,"column":44}},"106":{"start":{"line":245,"column":4},"end":{"line":245,"column":50}},"107":{"start":{"line":247,"column":4},"end":{"line":249,"column":7}},"108":{"start":{"line":250,"column":4},"end":{"line":250,"column":69}},"109":{"start":{"line":252,"column":4},"end":{"line":256,"column":7}},"110":{"start":{"line":257,"column":4},"end":{"line":257,"column":54}},"111":{"start":{"line":258,"column":4},"end":{"line":258,"column":61}},"112":{"start":{"line":259,"column":4},"end":{"line":259,"column":11}},"113":{"start":{"line":240,"column":13},"end":{"line":240,"column":24}},"114":{"start":{"line":266,"column":40},"end":{"line":311,"column":2}},"115":{"start":{"line":266,"column":78},"end":{"line":311,"column":2}},"116":{"start":{"line":267,"column":29},"end":{"line":267,"column":64}},"117":{"start":{"line":268,"column":2},"end":{"line":270,"column":5}},"118":{"start":{"line":272,"column":2},"end":{"line":278,"column":3}},"119":{"start":{"line":273,"column":4},"end":{"line":275,"column":7}},"120":{"start":{"line":276,"column":4},"end":{"line":276,"column":63}},"121":{"start":{"line":277,"column":4},"end":{"line":277,"column":11}},"122":{"start":{"line":280,"column":2},"end":{"line":310,"column":3}},"123":{"start":{"line":282,"column":20},"end":{"line":286,"column":6}},"124":{"start":{"line":288,"column":4},"end":{"line":294,"column":5}},"125":{"start":{"line":289,"column":6},"end":{"line":291,"column":9}},"126":{"start":{"line":292,"column":6},"end":{"line":292,"column":54}},"127":{"start":{"line":293,"column":6},"end":{"line":293,"column":13}},"128":{"start":{"line":296,"column":4},"end":{"line":299,"column":7}},"129":{"start":{"line":300,"column":4},"end":{"line":300,"column":27}},"130":{"start":{"line":302,"column":4},"end":{"line":306,"column":7}},"131":{"start":{"line":307,"column":4},"end":{"line":307,"column":62}},"132":{"start":{"line":308,"column":4},"end":{"line":308,"column":61}},"133":{"start":{"line":309,"column":4},"end":{"line":309,"column":11}},"134":{"start":{"line":266,"column":13},"end":{"line":266,"column":40}}},"fnMap":{"0":{"name":"(anonymous_8)","decl":{"start":{"line":7,"column":37},"end":{"line":7,"column":44}},"loc":{"start":{"line":7,"column":75},"end":{"line":40,"column":2}}},"1":{"name":"(anonymous_9)","decl":{"start":{"line":7,"column":75},"end":{"line":7,"column":null}},"loc":{"start":{"line":7,"column":75},"end":{"line":40,"column":1}}},"2":{"name":"(anonymous_10)","decl":{"start":{"line":43,"column":27},"end":{"line":43,"column":34}},"loc":{"start":{"line":43,"column":65},"end":{"line":96,"column":2}}},"3":{"name":"(anonymous_11)","decl":{"start":{"line":43,"column":65},"end":{"line":43,"column":null}},"loc":{"start":{"line":43,"column":65},"end":{"line":96,"column":1}}},"4":{"name":"(anonymous_12)","decl":{"start":{"line":99,"column":29},"end":{"line":99,"column":null}},"loc":{"start":{"line":102,"column":19},"end":{"line":136,"column":2}}},"5":{"name":"(anonymous_13)","decl":{"start":{"line":102,"column":19},"end":{"line":102,"column":null}},"loc":{"start":{"line":102,"column":19},"end":{"line":136,"column":1}}},"6":{"name":"(anonymous_14)","decl":{"start":{"line":139,"column":25},"end":{"line":139,"column":32}},"loc":{"start":{"line":139,"column":63},"end":{"line":190,"column":2}}},"7":{"name":"(anonymous_15)","decl":{"start":{"line":139,"column":63},"end":{"line":139,"column":null}},"loc":{"start":{"line":139,"column":63},"end":{"line":190,"column":1}}},"8":{"name":"(anonymous_16)","decl":{"start":{"line":193,"column":37},"end":{"line":193,"column":44}},"loc":{"start":{"line":193,"column":75},"end":{"line":237,"column":2}}},"9":{"name":"(anonymous_17)","decl":{"start":{"line":193,"column":75},"end":{"line":193,"column":null}},"loc":{"start":{"line":193,"column":75},"end":{"line":237,"column":1}}},"10":{"name":"(anonymous_18)","decl":{"start":{"line":209,"column":27},"end":{"line":209,"column":28}},"loc":{"start":{"line":209,"column":51},"end":{"line":211,"column":8}}},"11":{"name":"(anonymous_19)","decl":{"start":{"line":240,"column":24},"end":{"line":240,"column":31}},"loc":{"start":{"line":240,"column":62},"end":{"line":261,"column":2}}},"12":{"name":"(anonymous_20)","decl":{"start":{"line":240,"column":62},"end":{"line":240,"column":null}},"loc":{"start":{"line":240,"column":62},"end":{"line":261,"column":1}}},"13":{"name":"(anonymous_21)","decl":{"start":{"line":266,"column":40},"end":{"line":266,"column":47}},"loc":{"start":{"line":266,"column":78},"end":{"line":311,"column":2}}},"14":{"name":"(anonymous_22)","decl":{"start":{"line":266,"column":78},"end":{"line":266,"column":null}},"loc":{"start":{"line":266,"column":78},"end":{"line":311,"column":1}}}},"branchMap":{"0":{"loc":{"start":{"line":18,"column":4},"end":{"line":24,"column":5}},"type":"if","locations":[{"start":{"line":18,"column":4},"end":{"line":24,"column":5}}]},"1":{"loc":{"start":{"line":33,"column":8},"end":{"line":33,"column":null}},"type":"cond-expr","locations":[{"start":{"line":33,"column":33},"end":{"line":33,"column":46}},{"start":{"line":33,"column":49},"end":{"line":33,"column":null}}]},"2":{"loc":{"start":{"line":49,"column":2},"end":{"line":55,"column":3}},"type":"if","locations":[{"start":{"line":49,"column":2},"end":{"line":55,"column":3}}]},"3":{"loc":{"start":{"line":73,"column":4},"end":{"line":79,"column":5}},"type":"if","locations":[{"start":{"line":73,"column":4},"end":{"line":79,"column":5}}]},"4":{"loc":{"start":{"line":89,"column":8},"end":{"line":89,"column":null}},"type":"cond-expr","locations":[{"start":{"line":89,"column":33},"end":{"line":89,"column":46}},{"start":{"line":89,"column":49},"end":{"line":89,"column":null}}]},"5":{"loc":{"start":{"line":113,"column":4},"end":{"line":119,"column":5}},"type":"if","locations":[{"start":{"line":113,"column":4},"end":{"line":119,"column":5}}]},"6":{"loc":{"start":{"line":129,"column":8},"end":{"line":129,"column":null}},"type":"cond-expr","locations":[{"start":{"line":129,"column":33},"end":{"line":129,"column":46}},{"start":{"line":129,"column":49},"end":{"line":129,"column":null}}]},"7":{"loc":{"start":{"line":145,"column":2},"end":{"line":151,"column":3}},"type":"if","locations":[{"start":{"line":145,"column":2},"end":{"line":151,"column":3}}]},"8":{"loc":{"start":{"line":166,"column":4},"end":{"line":172,"column":5}},"type":"if","locations":[{"start":{"line":166,"column":4},"end":{"line":172,"column":5}}]},"9":{"loc":{"start":{"line":183,"column":8},"end":{"line":183,"column":null}},"type":"cond-expr","locations":[{"start":{"line":183,"column":33},"end":{"line":183,"column":46}},{"start":{"line":183,"column":49},"end":{"line":183,"column":null}}]},"10":{"loc":{"start":{"line":199,"column":2},"end":{"line":205,"column":3}},"type":"if","locations":[{"start":{"line":199,"column":2},"end":{"line":205,"column":3}}]},"11":{"loc":{"start":{"line":199,"column":6},"end":{"line":199,"column":74}},"type":"binary-expr","locations":[{"start":{"line":199,"column":6},"end":{"line":199,"column":17}},{"start":{"line":199,"column":21},"end":{"line":199,"column":47}},{"start":{"line":199,"column":51},"end":{"line":199,"column":74}}]},"12":{"loc":{"start":{"line":214,"column":4},"end":{"line":220,"column":5}},"type":"if","locations":[{"start":{"line":214,"column":4},"end":{"line":220,"column":5}}]},"13":{"loc":{"start":{"line":230,"column":8},"end":{"line":230,"column":null}},"type":"cond-expr","locations":[{"start":{"line":230,"column":33},"end":{"line":230,"column":46}},{"start":{"line":230,"column":49},"end":{"line":230,"column":null}}]},"14":{"loc":{"start":{"line":254,"column":8},"end":{"line":254,"column":null}},"type":"cond-expr","locations":[{"start":{"line":254,"column":33},"end":{"line":254,"column":46}},{"start":{"line":254,"column":49},"end":{"line":254,"column":null}}]},"15":{"loc":{"start":{"line":272,"column":2},"end":{"line":278,"column":3}},"type":"if","locations":[{"start":{"line":272,"column":2},"end":{"line":278,"column":3}}]},"16":{"loc":{"start":{"line":288,"column":4},"end":{"line":294,"column":5}},"type":"if","locations":[{"start":{"line":288,"column":4},"end":{"line":294,"column":5}}]},"17":{"loc":{"start":{"line":304,"column":8},"end":{"line":304,"column":null}},"type":"cond-expr","locations":[{"start":{"line":304,"column":33},"end":{"line":304,"column":46}},{"start":{"line":304,"column":49},"end":{"line":304,"column":null}}]}},"s":{"0":1,"1":1,"2":1,"3":1,"4":1,"5":1,"6":1,"7":1,"8":1,"9":0,"10":0,"11":0,"12":1,"13":1,"14":0,"15":0,"16":0,"17":0,"18":1,"19":1,"20":2,"21":2,"22":2,"23":2,"24":1,"25":1,"26":1,"27":1,"28":1,"29":1,"30":1,"31":1,"32":0,"33":0,"34":0,"35":1,"36":1,"37":0,"38":0,"39":0,"40":0,"41":1,"42":1,"43":1,"44":1,"45":1,"46":1,"47":1,"48":0,"49":0,"50":0,"51":1,"52":1,"53":0,"54":0,"55":0,"56":0,"57":1,"58":1,"59":2,"60":2,"61":2,"62":2,"63":1,"64":1,"65":1,"66":1,"67":1,"68":1,"69":0,"70":0,"71":0,"72":1,"73":1,"74":0,"75":0,"76":0,"77":0,"78":1,"79":1,"80":2,"81":2,"82":2,"83":2,"84":1,"85":1,"86":1,"87":1,"88":1,"89":2,"90":1,"91":0,"92":0,"93":0,"94":1,"95":1,"96":0,"97":0,"98":0,"99":0,"100":1,"101":1,"102":1,"103":1,"104":1,"105":1,"106":1,"107":1,"108":1,"109":0,"110":0,"111":0,"112":0,"113":1,"114":1,"115":3,"116":3,"117":3,"118":3,"119":1,"120":1,"121":1,"122":2,"123":2,"124":2,"125":1,"126":1,"127":1,"128":1,"129":1,"130":0,"131":0,"132":0,"133":0,"134":1},"f":{"0":1,"1":1,"2":2,"3":2,"4":1,"5":1,"6":2,"7":2,"8":2,"9":2,"10":2,"11":1,"12":1,"13":3,"14":3},"b":{"0":[0],"1":[0,0],"2":[1],"3":[0],"4":[0,0],"5":[0],"6":[0,0],"7":[1],"8":[0],"9":[0,0],"10":[1],"11":[2,1,1],"12":[0],"13":[0,0],"14":[0,0],"15":[1],"16":[1],"17":[0,0]}}
,"D:\\Geth\\secure-voting-system\\backend-polling-station\\src\\jobs\\jobScheduler.ts": {"path":"D:\\Geth\\secure-voting-system\\backend-polling-station\\src\\jobs\\jobScheduler.ts","statementMap":{"0":{"start":{"line":1,"column":0},"end":{"line":1,"column":29}},"1":{"start":{"line":2,"column":0},"end":{"line":2,"column":46}},"2":{"start":{"line":4,"column":42},"end":{"line":89,"column":1}},"3":{"start":{"line":5,"column":2},"end":{"line":88,"column":5}},"4":{"start":{"line":5,"column":41},"end":{"line":88,"column":4}},"5":{"start":{"line":6,"column":4},"end":{"line":8,"column":7}},"6":{"start":{"line":9,"column":4},"end":{"line":9,"column":79}},"7":{"start":{"line":12,"column":4},"end":{"line":38,"column":5}},"8":{"start":{"line":13,"column":23},"end":{"line":17,"column":null}},"9":{"start":{"line":19,"column":6},"end":{"line":24,"column":7}},"10":{"start":{"line":20,"column":8},"end":{"line":22,"column":11}},"11":{"start":{"line":23,"column":8},"end":{"line":23,"column":66}},"12":{"start":{"line":25,"column":19},"end":{"line":25,"column":40}},"13":{"start":{"line":26,"column":6},"end":{"line":29,"column":9}},"14":{"start":{"line":30,"column":6},"end":{"line":30,"column":43}},"15":{"start":{"line":32,"column":6},"end":{"line":36,"column":9}},"16":{"start":{"line":37,"column":6},"end":{"line":37,"column":56}},"17":{"start":{"line":42,"column":4},"end":{"line":87,"column":5}},"18":{"start":{"line":43,"column":23},"end":{"line":66,"column":null}},"19":{"start":{"line":68,"column":6},"end":{"line":73,"column":7}},"20":{"start":{"line":69,"column":8},"end":{"line":71,"column":11}},"21":{"start":{"line":72,"column":8},"end":{"line":72,"column":66}},"22":{"start":{"line":74,"column":19},"end":{"line":74,"column":40}},"23":{"start":{"line":75,"column":6},"end":{"line":78,"column":9}},"24":{"start":{"line":81,"column":6},"end":{"line":85,"column":9}},"25":{"start":{"line":86,"column":6},"end":{"line":86,"column":59}},"26":{"start":{"line":4,"column":13},"end":{"line":4,"column":42}},"27":{"start":{"line":91,"column":39},"end":{"line":136,"column":1}},"28":{"start":{"line":92,"column":21},"end":{"line":92,"column":31}},"29":{"start":{"line":95,"column":2},"end":{"line":135,"column":5}},"30":{"start":{"line":95,"column":42},"end":{"line":135,"column":4}},"31":{"start":{"line":96,"column":4},"end":{"line":98,"column":7}},"32":{"start":{"line":99,"column":4},"end":{"line":99,"column":72}},"33":{"start":{"line":102,"column":4},"end":{"line":134,"column":5}},"34":{"start":{"line":103,"column":23},"end":{"line":113,"column":null}},"35":{"start":{"line":115,"column":6},"end":{"line":120,"column":7}},"36":{"start":{"line":116,"column":8},"end":{"line":118,"column":11}},"37":{"start":{"line":119,"column":8},"end":{"line":119,"column":66}},"38":{"start":{"line":121,"column":19},"end":{"line":121,"column":40}},"39":{"start":{"line":122,"column":6},"end":{"line":125,"column":9}},"40":{"start":{"line":126,"column":6},"end":{"line":126,"column":55}},"41":{"start":{"line":128,"column":6},"end":{"line":132,"column":9}},"42":{"start":{"line":133,"column":6},"end":{"line":133,"column":67}},"43":{"start":{"line":91,"column":13},"end":{"line":91,"column":39}}},"fnMap":{"0":{"name":"(anonymous_8)","decl":{"start":{"line":4,"column":42},"end":{"line":4,"column":45}},"loc":{"start":{"line":4,"column":47},"end":{"line":89,"column":1}}},"1":{"name":"(anonymous_9)","decl":{"start":{"line":5,"column":30},"end":{"line":5,"column":39}},"loc":{"start":{"line":5,"column":41},"end":{"line":88,"column":4}}},"2":{"name":"(anonymous_10)","decl":{"start":{"line":5,"column":41},"end":{"line":5,"column":null}},"loc":{"start":{"line":5,"column":41},"end":{"line":88,"column":3}}},"3":{"name":"(anonymous_11)","decl":{"start":{"line":91,"column":39},"end":{"line":91,"column":42}},"loc":{"start":{"line":91,"column":44},"end":{"line":136,"column":1}}},"4":{"name":"(anonymous_12)","decl":{"start":{"line":95,"column":31},"end":{"line":95,"column":40}},"loc":{"start":{"line":95,"column":42},"end":{"line":135,"column":4}}},"5":{"name":"(anonymous_13)","decl":{"start":{"line":95,"column":42},"end":{"line":95,"column":null}},"loc":{"start":{"line":95,"column":42},"end":{"line":135,"column":3}}}},"branchMap":{"0":{"loc":{"start":{"line":19,"column":6},"end":{"line":24,"column":7}},"type":"if","locations":[{"start":{"line":19,"column":6},"end":{"line":24,"column":7}}]},"1":{"loc":{"start":{"line":34,"column":10},"end":{"line":34,"column":null}},"type":"cond-expr","locations":[{"start":{"line":34,"column":35},"end":{"line":34,"column":48}},{"start":{"line":34,"column":51},"end":{"line":34,"column":null}}]},"2":{"loc":{"start":{"line":68,"column":6},"end":{"line":73,"column":7}},"type":"if","locations":[{"start":{"line":68,"column":6},"end":{"line":73,"column":7}}]},"3":{"loc":{"start":{"line":83,"column":10},"end":{"line":83,"column":null}},"type":"cond-expr","locations":[{"start":{"line":83,"column":35},"end":{"line":83,"column":48}},{"start":{"line":83,"column":51},"end":{"line":83,"column":null}}]},"4":{"loc":{"start":{"line":115,"column":6},"end":{"line":120,"column":7}},"type":"if","locations":[{"start":{"line":115,"column":6},"end":{"line":120,"column":7}}]},"5":{"loc":{"start":{"line":130,"column":10},"end":{"line":130,"column":null}},"type":"cond-expr","locations":[{"start":{"line":130,"column":35},"end":{"line":130,"column":48}},{"start":{"line":130,"column":51},"end":{"line":130,"column":null}}]}},"s":{"0":2,"1":2,"2":2,"3":2,"4":2,"5":2,"6":2,"7":2,"8":2,"9":2,"10":1,"11":1,"12":1,"13":1,"14":1,"15":1,"16":1,"17":2,"18":2,"19":1,"20":0,"21":0,"22":1,"23":1,"24":0,"25":0,"26":2,"27":2,"28":2,"29":2,"30":2,"31":2,"32":2,"33":2,"34":2,"35":2,"36":1,"37":1,"38":1,"39":1,"40":1,"41":1,"42":1,"43":2},"f":{"0":2,"1":2,"2":2,"3":2,"4":2,"5":2},"b":{"0":[1],"1":[1,0],"2":[0],"3":[0,0],"4":[1],"5":[1,0]}}
,"D:\\Geth\\secure-voting-system\\backend-polling-station\\src\\routes\\blockchainRoutes.ts": {"path":"D:\\Geth\\secure-voting-system\\backend-polling-station\\src\\routes\\blockchainRoutes.ts","statementMap":{"0":{"start":{"line":1,"column":0},"end":{"line":1,"column":33}},"1":{"start":{"line":2,"column":0},"end":{"line":2,"column":80}},"2":{"start":{"line":4,"column":15},"end":{"line":4,"column":23}},"3":{"start":{"line":6,"column":0},"end":{"line":6,"column":42}},"4":{"start":{"line":8,"column":0},"end":{"line":8,"column":22}}},"fnMap":{},"branchMap":{},"s":{"0":1,"1":1,"2":1,"3":1,"4":1},"f":{},"b":{}}
,"D:\\Geth\\secure-voting-system\\backend-polling-station\\src\\routes\\voteRoutes.ts": {"path":"D:\\Geth\\secure-voting-system\\backend-polling-station\\src\\routes\\voteRoutes.ts","statementMap":{"0":{"start":{"line":1,"column":0},"end":{"line":1,"column":33}},"1":{"start":{"line":2,"column":0},"end":{"line":2,"column":null}},"2":{"start":{"line":12,"column":15},"end":{"line":12,"column":23}},"3":{"start":{"line":14,"column":0},"end":{"line":14,"column":42}},"4":{"start":{"line":15,"column":0},"end":{"line":15,"column":40}},"5":{"start":{"line":16,"column":0},"end":{"line":16,"column":49}},"6":{"start":{"line":17,"column":0},"end":{"line":17,"column":40}},"7":{"start":{"line":18,"column":0},"end":{"line":18,"column":60}},"8":{"start":{"line":19,"column":0},"end":{"line":19,"column":36}},"9":{"start":{"line":20,"column":0},"end":{"line":20,"column":64}},"10":{"start":{"line":22,"column":0},"end":{"line":22,"column":22}}},"fnMap":{},"branchMap":{},"s":{"0":1,"1":1,"2":1,"3":1,"4":1,"5":1,"6":1,"7":1,"8":1,"9":1,"10":1},"f":{},"b":{}}
}
