TN:
SF:src\controllers\blockchainCommunicationController.ts
FN:10,(anonymous_8)
FN:10,(anonymous_9)
FN:52,(anonymous_10)
FN:53,(anonymous_11)
FN:91,(anonymous_12)
FNF:5
FNH:5
FNDA:5,(anonymous_8)
FNDA:5,(anonymous_9)
FNDA:3,(anonymous_10)
FNDA:3,(anonymous_11)
FNDA:2,(anonymous_12)
DA:1,1
DA:2,1
DA:4,1
DA:5,1
DA:10,5
DA:11,5
DA:14,5
DA:15,5
DA:16,1
DA:19,1
DA:20,1
DA:23,4
DA:33,4
DA:34,1
DA:37,1
DA:38,1
DA:41,3
DA:42,3
DA:46,3
DA:51,3
DA:52,3
DA:53,3
DA:55,3
DA:60,2
DA:64,2
DA:66,1
DA:69,1
DA:70,1
DA:73,2
DA:78,2
DA:80,2
DA:88,2
DA:92,2
DA:93,1
DA:97,1
DA:98,1
DA:99,1
DA:100,1
DA:103,1
DA:107,1
LF:40
LH:40
BRDA:15,0,0,1
BRDA:33,1,0,1
BRDA:92,2,0,1
BRF:3
BRH:3
end_of_record
TN:
SF:src\controllers\voteController.ts
FN:8,(anonymous_8)
FN:12,(anonymous_9)
FN:48,(anonymous_10)
FN:52,(anonymous_11)
FN:108,(anonymous_12)
FN:112,(anonymous_13)
FN:149,(anonymous_14)
FN:153,(anonymous_15)
FN:207,(anonymous_16)
FN:211,(anonymous_17)
FN:227,(anonymous_18)
FN:258,(anonymous_19)
FN:262,(anonymous_20)
FN:288,(anonymous_21)
FN:292,(anonymous_22)
FNF:15
FNH:15
FNDA:2,(anonymous_8)
FNDA:2,(anonymous_9)
FNDA:3,(anonymous_10)
FNDA:3,(anonymous_11)
FNDA:2,(anonymous_12)
FNDA:2,(anonymous_13)
FNDA:3,(anonymous_14)
FNDA:3,(anonymous_15)
FNDA:3,(anonymous_16)
FNDA:3,(anonymous_17)
FNDA:4,(anonymous_18)
FNDA:2,(anonymous_19)
FNDA:2,(anonymous_20)
FNDA:4,(anonymous_21)
FNDA:4,(anonymous_22)
DA:1,1
DA:4,1
DA:8,1
DA:12,2
DA:13,2
DA:14,2
DA:15,2
DA:23,1
DA:24,0
DA:27,0
DA:28,0
DA:30,1
DA:34,1
DA:36,1
DA:41,1
DA:42,1
DA:43,1
DA:48,1
DA:52,3
DA:53,3
DA:54,3
DA:58,3
DA:59,1
DA:62,1
DA:63,1
DA:66,2
DA:68,2
DA:69,2
DA:75,2
DA:82,1
DA:83,0
DA:86,0
DA:87,0
DA:89,1
DA:94,1
DA:96,1
DA:101,1
DA:102,1
DA:103,1
DA:108,1
DA:112,2
DA:113,2
DA:114,2
DA:116,2
DA:123,1
DA:124,0
DA:127,0
DA:128,0
DA:131,1
DA:135,1
DA:137,1
DA:142,1
DA:143,1
DA:144,1
DA:149,1
DA:153,3
DA:154,3
DA:155,3
DA:159,3
DA:160,1
DA:163,1
DA:164,1
DA:167,2
DA:169,2
DA:180,1
DA:181,0
DA:184,0
DA:185,0
DA:188,1
DA:193,1
DA:195,1
DA:200,1
DA:201,1
DA:202,1
DA:207,1
DA:211,3
DA:212,3
DA:213,3
DA:217,3
DA:218,1
DA:221,1
DA:222,1
DA:225,2
DA:226,2
DA:227,4
DA:232,1
DA:233,0
DA:236,0
DA:237,0
DA:240,1
DA:244,1
DA:246,1
DA:251,1
DA:252,1
DA:253,1
DA:258,1
DA:262,2
DA:263,2
DA:264,2
DA:266,2
DA:267,1
DA:269,1
DA:272,1
DA:274,1
DA:279,1
DA:280,1
DA:281,1
DA:288,1
DA:292,4
DA:293,4
DA:294,4
DA:298,4
DA:299,1
DA:302,1
DA:303,1
DA:306,3
DA:308,3
DA:314,2
DA:315,1
DA:318,1
DA:319,1
DA:322,1
DA:326,1
DA:328,1
DA:333,1
DA:334,1
DA:335,1
LF:127
LH:112
BRDA:23,0,0,0
BRDA:38,1,0,1
BRDA:38,1,1,0
BRDA:58,2,0,1
BRDA:82,3,0,0
BRDA:98,4,0,1
BRDA:98,4,1,0
BRDA:123,5,0,0
BRDA:139,6,0,1
BRDA:139,6,1,0
BRDA:159,7,0,1
BRDA:180,8,0,0
BRDA:197,9,0,1
BRDA:197,9,1,0
BRDA:217,10,0,1
BRDA:217,11,0,3
BRDA:217,11,1,2
BRDA:217,11,2,2
BRDA:232,12,0,0
BRDA:248,13,0,1
BRDA:248,13,1,0
BRDA:276,14,0,1
BRDA:276,14,1,0
BRDA:298,15,0,1
BRDA:314,16,0,1
BRDA:330,17,0,1
BRDA:330,17,1,0
BRF:27
BRH:15
end_of_record
TN:
SF:src\jobs\jobScheduler.ts
FN:4,(anonymous_8)
FN:5,(anonymous_9)
FN:5,(anonymous_10)
FN:91,(anonymous_11)
FN:95,(anonymous_12)
FN:95,(anonymous_13)
FNF:6
FNH:6
FNDA:2,(anonymous_8)
FNDA:2,(anonymous_9)
FNDA:2,(anonymous_10)
FNDA:2,(anonymous_11)
FNDA:2,(anonymous_12)
FNDA:2,(anonymous_13)
DA:1,1
DA:2,1
DA:4,1
DA:5,2
DA:6,2
DA:9,2
DA:12,2
DA:13,2
DA:19,2
DA:20,1
DA:23,1
DA:25,1
DA:26,1
DA:30,1
DA:32,1
DA:37,1
DA:42,2
DA:43,2
DA:68,1
DA:69,0
DA:72,0
DA:74,1
DA:75,1
DA:81,0
DA:86,0
DA:91,1
DA:92,2
DA:95,2
DA:96,2
DA:99,2
DA:102,2
DA:103,2
DA:115,2
DA:116,1
DA:119,1
DA:121,1
DA:122,1
DA:126,1
DA:128,1
DA:133,1
LF:40
LH:36
BRDA:19,0,0,1
BRDA:34,1,0,1
BRDA:34,1,1,0
BRDA:68,2,0,0
BRDA:83,3,0,0
BRDA:83,3,1,0
BRDA:115,4,0,1
BRDA:130,5,0,1
BRDA:130,5,1,0
BRF:9
BRH:4
end_of_record
TN:
SF:src\routes\voteRoutes.ts
FN:25,(anonymous_0)
FN:28,(anonymous_1)
FN:29,(anonymous_2)
FN:30,(anonymous_3)
FN:33,(anonymous_4)
FN:34,(anonymous_5)
FN:37,(anonymous_6)
FN:38,(anonymous_7)
FNF:8
FNH:8
FNDA:19,(anonymous_0)
FNDA:2,(anonymous_1)
FNDA:3,(anonymous_2)
FNDA:2,(anonymous_3)
FNDA:3,(anonymous_4)
FNDA:3,(anonymous_5)
FNDA:2,(anonymous_6)
FNDA:4,(anonymous_7)
DA:1,1
DA:2,1
DA:25,1
DA:26,19
DA:28,19
DA:29,19
DA:30,19
DA:31,2
DA:33,19
DA:34,19
DA:35,3
DA:37,19
DA:38,19
DA:39,4
DA:42,19
LF:15
LH:15
BRF:0
BRH:0
end_of_record
