TN:
SF:src\app.ts
FN:25,(anonymous_1)
FNF:1
FNH:1
FNDA:1,(anonymous_1)
DA:1,1
DA:2,1
DA:3,1
DA:4,1
DA:5,1
DA:6,1
DA:11,1
DA:12,1
DA:13,1
DA:15,1
DA:16,1
DA:17,1
DA:19,1
DA:20,0
DA:21,0
DA:24,1
DA:25,1
DA:26,1
DA:29,1
LF:19
LH:17
BRDA:19,0,0,0
BRDA:24,1,0,1
BRDA:24,1,1,0
BRF:3
BRH:1
end_of_record
TN:
SF:src\controllers\blockchainCommunicationController.ts
FN:10,(anonymous_8)
FN:10,(anonymous_9)
FN:52,(anonymous_10)
FN:53,(anonymous_11)
FN:91,(anonymous_12)
FNF:5
FNH:5
FNDA:5,(anonymous_8)
FNDA:5,(anonymous_9)
FNDA:3,(anonymous_10)
FNDA:3,(anonymous_11)
FNDA:2,(anonymous_12)
DA:1,2
DA:2,2
DA:4,2
DA:5,2
DA:10,5
DA:11,5
DA:14,5
DA:15,5
DA:16,1
DA:19,1
DA:20,1
DA:23,4
DA:33,4
DA:34,1
DA:37,1
DA:38,1
DA:41,3
DA:42,3
DA:46,3
DA:51,3
DA:52,3
DA:53,3
DA:55,3
DA:60,2
DA:64,2
DA:66,1
DA:69,1
DA:70,1
DA:73,2
DA:78,2
DA:80,2
DA:88,2
DA:92,2
DA:93,1
DA:97,1
DA:98,1
DA:99,1
DA:100,1
DA:103,1
DA:107,1
LF:40
LH:40
BRDA:15,0,0,1
BRDA:33,1,0,1
BRDA:92,2,0,1
BRF:3
BRH:3
end_of_record
TN:
SF:src\controllers\voteController.ts
FN:7,(anonymous_8)
FN:7,(anonymous_9)
FN:43,(anonymous_10)
FN:43,(anonymous_11)
FN:99,(anonymous_12)
FN:102,(anonymous_13)
FN:139,(anonymous_14)
FN:139,(anonymous_15)
FN:193,(anonymous_16)
FN:193,(anonymous_17)
FN:209,(anonymous_18)
FN:240,(anonymous_19)
FN:240,(anonymous_20)
FN:266,(anonymous_21)
FN:266,(anonymous_22)
FNF:15
FNH:15
FNDA:1,(anonymous_8)
FNDA:1,(anonymous_9)
FNDA:2,(anonymous_10)
FNDA:2,(anonymous_11)
FNDA:1,(anonymous_12)
FNDA:1,(anonymous_13)
FNDA:2,(anonymous_14)
FNDA:2,(anonymous_15)
FNDA:2,(anonymous_16)
FNDA:2,(anonymous_17)
FNDA:2,(anonymous_18)
FNDA:1,(anonymous_19)
FNDA:1,(anonymous_20)
FNDA:3,(anonymous_21)
FNDA:3,(anonymous_22)
DA:1,1
DA:2,1
DA:4,1
DA:7,1
DA:8,1
DA:9,1
DA:10,1
DA:18,1
DA:19,0
DA:22,0
DA:23,0
DA:25,1
DA:29,1
DA:31,0
DA:36,0
DA:37,0
DA:38,0
DA:43,2
DA:44,2
DA:45,2
DA:49,2
DA:50,1
DA:53,1
DA:54,1
DA:57,1
DA:59,1
DA:60,1
DA:66,1
DA:73,1
DA:74,0
DA:77,0
DA:78,0
DA:80,1
DA:85,1
DA:87,0
DA:92,0
DA:93,0
DA:94,0
DA:99,1
DA:102,1
DA:103,1
DA:104,1
DA:106,1
DA:113,1
DA:114,0
DA:117,0
DA:118,0
DA:121,1
DA:125,1
DA:127,0
DA:132,0
DA:133,0
DA:134,0
DA:139,2
DA:140,2
DA:141,2
DA:145,2
DA:146,1
DA:149,1
DA:150,1
DA:153,1
DA:155,1
DA:166,1
DA:167,0
DA:170,0
DA:171,0
DA:174,1
DA:179,1
DA:181,0
DA:186,0
DA:187,0
DA:188,0
DA:193,2
DA:194,2
DA:195,2
DA:199,2
DA:200,1
DA:203,1
DA:204,1
DA:207,1
DA:208,1
DA:209,2
DA:214,1
DA:215,0
DA:218,0
DA:219,0
DA:222,1
DA:226,1
DA:228,0
DA:233,0
DA:234,0
DA:235,0
DA:240,1
DA:241,1
DA:242,1
DA:244,1
DA:245,1
DA:247,1
DA:250,1
DA:252,0
DA:257,0
DA:258,0
DA:259,0
DA:266,3
DA:267,3
DA:268,3
DA:272,3
DA:273,1
DA:276,1
DA:277,1
DA:280,2
DA:282,2
DA:288,2
DA:289,1
DA:292,1
DA:293,1
DA:296,1
DA:300,1
DA:302,0
DA:307,0
DA:308,0
DA:309,0
LF:122
LH:79
BRDA:18,0,0,0
BRDA:33,1,0,0
BRDA:33,1,1,0
BRDA:49,2,0,1
BRDA:73,3,0,0
BRDA:89,4,0,0
BRDA:89,4,1,0
BRDA:113,5,0,0
BRDA:129,6,0,0
BRDA:129,6,1,0
BRDA:145,7,0,1
BRDA:166,8,0,0
BRDA:183,9,0,0
BRDA:183,9,1,0
BRDA:199,10,0,1
BRDA:199,11,0,2
BRDA:199,11,1,1
BRDA:199,11,2,1
BRDA:214,12,0,0
BRDA:230,13,0,0
BRDA:230,13,1,0
BRDA:254,14,0,0
BRDA:254,14,1,0
BRDA:272,15,0,1
BRDA:288,16,0,1
BRDA:304,17,0,0
BRDA:304,17,1,0
BRF:27
BRH:8
end_of_record
TN:
SF:src\jobs\jobScheduler.ts
FN:4,(anonymous_8)
FN:5,(anonymous_9)
FN:5,(anonymous_10)
FN:91,(anonymous_11)
FN:95,(anonymous_12)
FN:95,(anonymous_13)
FNF:6
FNH:6
FNDA:2,(anonymous_8)
FNDA:2,(anonymous_9)
FNDA:2,(anonymous_10)
FNDA:2,(anonymous_11)
FNDA:2,(anonymous_12)
FNDA:2,(anonymous_13)
DA:1,2
DA:2,2
DA:4,2
DA:5,2
DA:6,2
DA:9,2
DA:12,2
DA:13,2
DA:19,2
DA:20,1
DA:23,1
DA:25,1
DA:26,1
DA:30,1
DA:32,1
DA:37,1
DA:42,2
DA:43,2
DA:68,1
DA:69,0
DA:72,0
DA:74,1
DA:75,1
DA:81,0
DA:86,0
DA:91,2
DA:92,2
DA:95,2
DA:96,2
DA:99,2
DA:102,2
DA:103,2
DA:115,2
DA:116,1
DA:119,1
DA:121,1
DA:122,1
DA:126,1
DA:128,1
DA:133,1
LF:40
LH:36
BRDA:19,0,0,1
BRDA:34,1,0,1
BRDA:34,1,1,0
BRDA:68,2,0,0
BRDA:83,3,0,0
BRDA:83,3,1,0
BRDA:115,4,0,1
BRDA:130,5,0,1
BRDA:130,5,1,0
BRF:9
BRH:4
end_of_record
TN:
SF:src\routes\blockchainRoutes.ts
FNF:0
FNH:0
DA:1,1
DA:2,1
DA:4,1
DA:6,1
DA:8,1
LF:5
LH:5
BRF:0
BRH:0
end_of_record
TN:
SF:src\routes\voteRoutes.ts
FNF:0
FNH:0
DA:1,1
DA:2,1
DA:12,1
DA:14,1
DA:15,1
DA:16,1
DA:17,1
DA:18,1
DA:19,1
DA:20,1
DA:22,1
LF:11
LH:11
BRF:0
BRH:0
end_of_record
